1689940758210	geckodriver	INFO	Listening on 127.0.0.1:57967
1689943399974	geckodriver	INFO	Listening on 127.0.0.1:61734
1689944523406	geckodriver	INFO	Listening on 127.0.0.1:63750
1689944650462	geckodriver	INFO	Listening on 127.0.0.1:63994
1689947247807	geckodriver	INFO	Listening on 127.0.0.1:53179
1689947338158	geckodriver	INFO	Listening on 127.0.0.1:53333
1689951530914	geckodriver	INFO	Listening on 127.0.0.1:60950
1689951558500	geckodriver	INFO	Listening on 127.0.0.1:60993
1689951654452	geckodriver	INFO	Listening on 127.0.0.1:61208
1689952177155	geckodriver	INFO	Listening on 127.0.0.1:62137
1689952180239	mozrunner::runner	INFO	Running command: "C:\\Program Files\\Mozilla Firefox\\firefox.exe" "--marionette" "-no-remote" "-profile" "C:\\Users\\IG\\AppData\\Local\\Temp\\rust_mozprofileChC6zq"
console.warn: services.settings: Ignoring preference override of remote settings server
console.warn: services.settings: Allow by setting MOZ_REMOTE_SETTINGS_DEVTOOLS=1 in the environment
1689952180494	Marionette	INFO	Marionette enabled
Dynamically enable window occlusion 0
1689952180551	Marionette	INFO	Listening on port 62151
Read port: 62151
1689952180743	RemoteAgent	WARN	TLS certificate errors will be ignored for this session
console.warn: LoginRecipes: "Falling back to a synchronous message for: http://localhost."
console.warn: LoginRecipes: "Falling back to a synchronous message for: http://localhost."
1689952184494	Marionette	INFO	Stopped listening on port 62151
Dynamically enable window occlusion 1
1689952191824	geckodriver	INFO	Listening on 127.0.0.1:62196
1689952194888	mozrunner::runner	INFO	Running command: "C:\\Program Files\\Mozilla Firefox\\firefox.exe" "--marionette" "-no-remote" "-profile" "C:\\Users\\IG\\AppData\\Local\\Temp\\rust_mozprofileRlniDQ"
console.warn: services.settings: Ignoring preference override of remote settings server
console.warn: services.settings: Allow by setting MOZ_REMOTE_SETTINGS_DEVTOOLS=1 in the environment
1689952195116	Marionette	INFO	Marionette enabled
Dynamically enable window occlusion 0
1689952195166	Marionette	INFO	Listening on port 62208
Read port: 62208
1689952195338	RemoteAgent	WARN	TLS certificate errors will be ignored for this session
console.warn: LoginRecipes: "Falling back to a synchronous message for: http://localhost."
console.warn: LoginRecipes: "Falling back to a synchronous message for: http://localhost."
1689952198994	Marionette	INFO	Stopped listening on port 62208
Dynamically enable window occlusion 1
1689952221522	geckodriver	INFO	Listening on 127.0.0.1:62270
1689952224563	mozrunner::runner	INFO	Running command: "C:\\Program Files\\Mozilla Firefox\\firefox.exe" "--marionette" "-no-remote" "-profile" "C:\\Users\\IG\\AppData\\Local\\Temp\\rust_mozprofileyLC0VD"
console.warn: services.settings: Ignoring preference override of remote settings server
console.warn: services.settings: Allow by setting MOZ_REMOTE_SETTINGS_DEVTOOLS=1 in the environment
1689952224817	Marionette	INFO	Marionette enabled
Dynamically enable window occlusion 0
1689952224879	Marionette	INFO	Listening on port 62287
Read port: 62287
1689952225008	RemoteAgent	WARN	TLS certificate errors will be ignored for this session
console.warn: LoginRecipes: "Falling back to a synchronous message for: http://localhost."
console.warn: LoginRecipes: "Falling back to a synchronous message for: http://localhost."
1689952228341	Marionette	INFO	Stopped listening on port 62287
Dynamically enable window occlusion 1
1689952487237	geckodriver	INFO	Listening on 127.0.0.1:63268
1689952490299	mozrunner::runner	INFO	Running command: "C:\\Program Files\\Mozilla Firefox\\firefox.exe" "--marionette" "-no-remote" "-profile" "C:\\Users\\IG\\AppData\\Local\\Temp\\rust_mozprofile2XG3VC"
console.warn: services.settings: Ignoring preference override of remote settings server
console.warn: services.settings: Allow by setting MOZ_REMOTE_SETTINGS_DEVTOOLS=1 in the environment
1689952490514	Marionette	INFO	Marionette enabled
Dynamically enable window occlusion 0
1689952490565	Marionette	INFO	Listening on port 63282
Read port: 63282
1689952490740	RemoteAgent	WARN	TLS certificate errors will be ignored for this session
console.warn: LoginRecipes: "Falling back to a synchronous message for: http://localhost."
console.warn: LoginRecipes: "Falling back to a synchronous message for: http://localhost."
1689952494217	Marionette	INFO	Stopped listening on port 63282
Dynamically enable window occlusion 1
1690129206372	geckodriver	INFO	Listening on 127.0.0.1:52963
1690129209435	mozrunner::runner	INFO	Running command: "C:\\Program Files\\Mozilla Firefox\\firefox.exe" "--marionette" "-no-remote" "-profile" "C:\\Users\\IG\\AppData\\Local\\Temp\\rust_mozprofileaFsyhD"
console.warn: services.settings: Ignoring preference override of remote settings server
console.warn: services.settings: Allow by setting MOZ_REMOTE_SETTINGS_DEVTOOLS=1 in the environment
1690129209841	Marionette	INFO	Marionette enabled
Dynamically enable window occlusion 0
1690129210275	Marionette	INFO	Listening on port 52976
Read port: 52976
1690129210495	RemoteAgent	WARN	TLS certificate errors will be ignored for this session
1690129218287	Marionette	WARN	Ignoring event 'pageshow' because document has an invalid readyState of 'uninitialized'.
1690129218344	Marionette	INFO	Stopped listening on port 52976
Dynamically enable window occlusion 1
1690129293164	geckodriver	INFO	Listening on 127.0.0.1:53127
1690129296252	mozrunner::runner	INFO	Running command: "C:\\Program Files\\Mozilla Firefox\\firefox.exe" "--marionette" "-no-remote" "-profile" "C:\\Users\\IG\\AppData\\Local\\Temp\\rust_mozprofileLYPEv5"
console.warn: services.settings: Ignoring preference override of remote settings server
console.warn: services.settings: Allow by setting MOZ_REMOTE_SETTINGS_DEVTOOLS=1 in the environment
1690129296562	Marionette	INFO	Marionette enabled
Dynamically enable window occlusion 0
1690129296753	Marionette	INFO	Listening on port 53142
Read port: 53142
1690129296965	RemoteAgent	WARN	TLS certificate errors will be ignored for this session
1690129304923	Marionette	WARN	Ignoring event 'pageshow' because document has an invalid readyState of 'uninitialized'.
1690129304980	Marionette	INFO	Stopped listening on port 53142
Dynamically enable window occlusion 1
